app/build/intermediates/manifest_merge_blame_file/debug/manifest-merger-blame-debug-report.txt
1<?xml version="1.0" encoding="utf-8"?>
2<manifest xmlns:android="http://schemas.android.com/apk/res/android"
3    package="com.example.securemessageapp"
4    android:versionCode="1"
5    android:versionName="1.0" >
6
7    <uses-sdk
8        android:minSdkVersion="16"
8-->src\main\AndroidManifest.xml
9        android:targetSdkVersion="30" />
9-->src\main\AndroidManifest.xml
10
11    <!-- Although the *SdkVersion is captured in gradle build files, this is required for non gradle builds -->
12    <!-- <uses-sdk android:minSdkVersion="14"/> -->
13    <uses-permission android:name="android.permission.ACCESS_NETWORK_STATE" />
13-->[com.google.firebase:firebase-database:19.7.0] AndroidManifest.xml:25:5-79
13-->[com.google.firebase:firebase-database:19.7.0] AndroidManifest.xml:25:22-76
14    <uses-permission android:name="android.permission.INTERNET" />
14-->[com.google.firebase:firebase-database:19.7.0] AndroidManifest.xml:26:5-67
14-->[com.google.firebase:firebase-database:19.7.0] AndroidManifest.xml:26:22-64
15    <uses-permission android:name="android.permission.WAKE_LOCK" />
15-->[com.google.android.gms:play-services-measurement-api:18.0.3] AndroidManifest.xml:24:5-68
15-->[com.google.android.gms:play-services-measurement-api:18.0.3] AndroidManifest.xml:24:22-65
16    <uses-permission android:name="com.google.android.finsky.permission.BIND_GET_INSTALL_REFERRER_SERVICE" />
16-->[com.google.android.gms:play-services-measurement:18.0.3] AndroidManifest.xml:26:5-110
16-->[com.google.android.gms:play-services-measurement:18.0.3] AndroidManifest.xml:26:22-107
17
18    <application
18-->src\main\AndroidManifest.xml:5:5-19:19
19        android:allowBackup="true"
19-->src\main\AndroidManifest.xml:6:9-35
20        android:appComponentFactory="androidx.core.app.CoreComponentFactory"
20-->[androidx.core:core:1.3.1] AndroidManifest.xml:24:18-86
21        android:debuggable="true"
22        android:icon="@mipmap/ic_launcher"
22-->src\main\AndroidManifest.xml:7:9-43
23        android:label="@string/app_name"
23-->src\main\AndroidManifest.xml:8:9-41
24        android:roundIcon="@mipmap/ic_launcher_round"
24-->src\main\AndroidManifest.xml:9:9-54
25        android:supportsRtl="true"
25-->src\main\AndroidManifest.xml:10:9-35
26        android:testOnly="true"
27        android:theme="@style/Theme.Securemessageapp" >
27-->src\main\AndroidManifest.xml:11:9-54
28        <activity android:name="com.example.securemessageapp.MainActivity" >
28-->src\main\AndroidManifest.xml:12:9-18:20
28-->src\main\AndroidManifest.xml:12:19-47
29            <intent-filter>
29-->src\main\AndroidManifest.xml:13:13-17:29
30                <action android:name="android.intent.action.MAIN" />
30-->src\main\AndroidManifest.xml:14:17-69
30-->src\main\AndroidManifest.xml:14:25-66
31
32                <category android:name="android.intent.category.LAUNCHER" />
32-->src\main\AndroidManifest.xml:16:17-77
32-->src\main\AndroidManifest.xml:16:27-74
33            </intent-filter>
34        </activity>
35
36        <service
36-->[com.google.firebase:firebase-database:19.7.0] AndroidManifest.xml:29:9-35:19
37            android:name="com.google.firebase.components.ComponentDiscoveryService"
37-->[com.google.firebase:firebase-database:19.7.0] AndroidManifest.xml:30:13-84
38            android:directBootAware="true"
38-->[com.google.firebase:firebase-common:19.5.0] AndroidManifest.xml:35:13-43
39            android:exported="false" >
39-->[com.google.firebase:firebase-database:19.7.0] AndroidManifest.xml:31:13-37
40            <meta-data
40-->[com.google.firebase:firebase-database:19.7.0] AndroidManifest.xml:32:13-34:85
41                android:name="com.google.firebase.components:com.google.firebase.database.DatabaseRegistrar"
41-->[com.google.firebase:firebase-database:19.7.0] AndroidManifest.xml:33:17-109
42                android:value="com.google.firebase.components.ComponentRegistrar" />
42-->[com.google.firebase:firebase-database:19.7.0] AndroidManifest.xml:34:17-82
43            <meta-data
43-->[com.google.android.gms:play-services-measurement-api:18.0.3] AndroidManifest.xml:30:13-32:85
44                android:name="com.google.firebase.components:com.google.firebase.analytics.connector.internal.AnalyticsConnectorRegistrar"
44-->[com.google.android.gms:play-services-measurement-api:18.0.3] AndroidManifest.xml:31:17-139
45                android:value="com.google.firebase.components.ComponentRegistrar" />
45-->[com.google.android.gms:play-services-measurement-api:18.0.3] AndroidManifest.xml:32:17-82
46            <meta-data
46-->[com.google.firebase:firebase-installations:16.3.2] AndroidManifest.xml:17:13-19:85
47                android:name="com.google.firebase.components:com.google.firebase.installations.FirebaseInstallationsRegistrar"
47-->[com.google.firebase:firebase-installations:16.3.2] AndroidManifest.xml:18:17-127
48                android:value="com.google.firebase.components.ComponentRegistrar" />
48-->[com.google.firebase:firebase-installations:16.3.2] AndroidManifest.xml:19:17-82
49            <!--
50                This registrar is not defined in the dynamic-module-support sdk itself to allow non-firebase
51                clients to use it as well, by defining this registrar in their own core/common library.
52            -->
53            <meta-data
53-->[com.google.firebase:firebase-common:19.5.0] AndroidManifest.xml:43:13-45:85
54                android:name="com.google.firebase.components:com.google.firebase.dynamicloading.DynamicLoadingRegistrar"
54-->[com.google.firebase:firebase-common:19.5.0] AndroidManifest.xml:44:17-121
55                android:value="com.google.firebase.components.ComponentRegistrar" />
55-->[com.google.firebase:firebase-common:19.5.0] AndroidManifest.xml:45:17-82
56        </service>
57
58        <activity
58-->[com.google.android.gms:play-services-base:17.0.0] AndroidManifest.xml:23:9-26:75
59            android:name="com.google.android.gms.common.api.GoogleApiActivity"
59-->[com.google.android.gms:play-services-base:17.0.0] AndroidManifest.xml:24:13-79
60            android:exported="false"
60-->[com.google.android.gms:play-services-base:17.0.0] AndroidManifest.xml:25:13-37
61            android:theme="@android:style/Theme.Translucent.NoTitleBar" />
61-->[com.google.android.gms:play-services-base:17.0.0] AndroidManifest.xml:26:13-72
62
63        <provider
63-->[com.google.firebase:firebase-common:19.5.0] AndroidManifest.xml:26:9-31:39
64            android:name="com.google.firebase.provider.FirebaseInitProvider"
64-->[com.google.firebase:firebase-common:19.5.0] AndroidManifest.xml:27:13-77
65            android:authorities="com.example.securemessageapp.firebaseinitprovider"
65-->[com.google.firebase:firebase-common:19.5.0] AndroidManifest.xml:28:13-72
66            android:directBootAware="true"
66-->[com.google.firebase:firebase-common:19.5.0] AndroidManifest.xml:29:13-43
67            android:exported="false"
67-->[com.google.firebase:firebase-common:19.5.0] AndroidManifest.xml:30:13-37
68            android:initOrder="100" />
68-->[com.google.firebase:firebase-common:19.5.0] AndroidManifest.xml:31:13-36
69
70        <receiver
70-->[com.google.android.gms:play-services-measurement:18.0.3] AndroidManifest.xml:29:9-33:20
71            android:name="com.google.android.gms.measurement.AppMeasurementReceiver"
71-->[com.google.android.gms:play-services-measurement:18.0.3] AndroidManifest.xml:30:13-85
72            android:enabled="true"
72-->[com.google.android.gms:play-services-measurement:18.0.3] AndroidManifest.xml:31:13-35
73            android:exported="false" >
73-->[com.google.android.gms:play-services-measurement:18.0.3] AndroidManifest.xml:32:13-37
74        </receiver>
75
76        <service
76-->[com.google.android.gms:play-services-measurement:18.0.3] AndroidManifest.xml:35:9-38:40
77            android:name="com.google.android.gms.measurement.AppMeasurementService"
77-->[com.google.android.gms:play-services-measurement:18.0.3] AndroidManifest.xml:36:13-84
78            android:enabled="true"
78-->[com.google.android.gms:play-services-measurement:18.0.3] AndroidManifest.xml:37:13-35
79            android:exported="false" />
79-->[com.google.android.gms:play-services-measurement:18.0.3] AndroidManifest.xml:38:13-37
80        <service
80-->[com.google.android.gms:play-services-measurement:18.0.3] AndroidManifest.xml:39:9-43:72
81            android:name="com.google.android.gms.measurement.AppMeasurementJobService"
81-->[com.google.android.gms:play-services-measurement:18.0.3] AndroidManifest.xml:40:13-87
82            android:enabled="true"
82-->[com.google.android.gms:play-services-measurement:18.0.3] AndroidManifest.xml:41:13-35
83            android:exported="false"
83-->[com.google.android.gms:play-services-measurement:18.0.3] AndroidManifest.xml:42:13-37
84            android:permission="android.permission.BIND_JOB_SERVICE" />
84-->[com.google.android.gms:play-services-measurement:18.0.3] AndroidManifest.xml:43:13-69
85
86        <meta-data
86-->[com.google.android.gms:play-services-basement:17.0.0] AndroidManifest.xml:23:9-25:69
87            android:name="com.google.android.gms.version"
87-->[com.google.android.gms:play-services-basement:17.0.0] AndroidManifest.xml:24:13-58
88            android:value="@integer/google_play_services_version" />
88-->[com.google.android.gms:play-services-basement:17.0.0] AndroidManifest.xml:25:13-66
89    </application>
90
91</manifest>